0 info it worked if it ends with ok
1 verbose cli [ 'node', '/usr/local/bin/npm', 'install', '-d' ]
2 info using npm@1.1.69
3 info using node@v0.8.16
4 verbose read json /Applications/MAMP/htdocs/hackreactor/github/slide-presentation/package.json
5 error install Couldn't read dependencies
6 error Error: ENOENT, open '/Applications/MAMP/htdocs/hackreactor/github/slide-presentation/package.json'
7 error If you need help, you may report this log at:
7 error     <http://github.com/isaacs/npm/issues>
7 error or email it to:
7 error     <npm-@googlegroups.com>
8 error System Darwin 12.4.0
9 error command "node" "/usr/local/bin/npm" "install" "-d"
10 error cwd /Applications/MAMP/htdocs/hackreactor/github/slide-presentation
11 error node -v v0.8.16
12 error npm -v 1.1.69
13 error path /Applications/MAMP/htdocs/hackreactor/github/slide-presentation/package.json
14 error code ENOENT
15 error errno 34
16 verbose exit [ 34, true ]
